c:\users\andongmin\desktop\sdl\c++\모두c\x64\debug\vc143.pdb
c:\users\andongmin\desktop\sdl\c++\모두c\x64\debug\vc143.idb
c:\users\andongmin\desktop\sdl\c++\모두c\x64\debug\1.obj
c:\users\andongmin\desktop\asd\sdl\모두c\x64\debug\vc143.pdb
c:\users\andongmin\desktop\asd\sdl\모두c\x64\debug\vc143.idb
c:\users\andongmin\desktop\asd\sdl\모두c\x64\debug\1.obj
c:\users\andongmin\desktop\sdl\모두c\x64\debug\1.obj
c:\users\andongmin\desktop\sdl\모두c\x64\debug\vc143.idb
c:\users\andongmin\desktop\sdl\모두c\x64\debug\vc143.pdb
c:\users\andongmin\desktop\sdl\x64\debug\모두c.pdb
c:\users\andongmin\desktop\sdl\모두c\x64\debug\모두c.tlog\cl.command.1.tlog
c:\users\andongmin\desktop\sdl\모두c\x64\debug\모두c.tlog\cl.read.1.tlog
c:\users\andongmin\desktop\sdl\모두c\x64\debug\모두c.tlog\cl.write.1.tlog
c:\users\andongmin\desktop\sdl\모두c\x64\debug\모두c.tlog\link-cvtres.read.1.tlog
c:\users\andongmin\desktop\sdl\모두c\x64\debug\모두c.tlog\link-cvtres.write.1.tlog
c:\users\andongmin\desktop\sdl\모두c\x64\debug\모두c.tlog\link-rc.read.1.tlog
c:\users\andongmin\desktop\sdl\모두c\x64\debug\모두c.tlog\link-rc.write.1.tlog
c:\users\andongmin\desktop\sdl\모두c\x64\debug\모두c.tlog\link.command.1.tlog
c:\users\andongmin\desktop\sdl\모두c\x64\debug\모두c.tlog\link.read.1.tlog
c:\users\andongmin\desktop\sdl\모두c\x64\debug\모두c.tlog\link.read.2.tlog
c:\users\andongmin\desktop\sdl\모두c\x64\debug\모두c.tlog\link.read.3.tlog
c:\users\andongmin\desktop\sdl\모두c\x64\debug\모두c.tlog\link.read.4.tlog
c:\users\andongmin\desktop\sdl\모두c\x64\debug\모두c.tlog\link.read.5.tlog
c:\users\andongmin\desktop\sdl\모두c\x64\debug\모두c.tlog\link.write.1.tlog
