c:\users\andongmin\desktop\sdl\c++\swea\x64\debug\vc143.pdb
c:\users\andongmin\desktop\sdl\c++\swea\x64\debug\vc143.idb
c:\users\andongmin\desktop\sdl\c++\swea\x64\debug\1215. 회문1.obj
c:\users\andongmin\desktop\sdl\c++\swea\x64\debug\3143. 가장 빠른 문자열 타이핑.obj
c:\users\andongmin\desktop\sdl\c++\swea\x64\debug\1989. 초심자의 회문 검사.obj
c:\users\andongmin\desktop\sdl\c++\swea\x64\debug\1974. 스도쿠 검증.obj
c:\users\andongmin\desktop\sdl\c++\swea\x64\debug\1859. 백만 장자 프로젝트.obj
c:\users\andongmin\desktop\sdl\c++\swea\x64\debug\1234. 비밀번호.obj
c:\users\andongmin\desktop\sdl\c++\swea\x64\debug\1221. gns.obj
c:\users\andongmin\desktop\sdl\c++\swea\x64\debug\1213. string.obj
c:\users\andongmin\desktop\sdl\c++\x64\debug\swea.exe
c:\users\andongmin\desktop\sdl\c++\swea\x64\debug\swea.ilk
c:\users\andongmin\desktop\sdl\c++\x64\debug\swea.pdb
c:\users\ssafy\desktop\sdl\c++\swea\x64\debug\1213. string.obj
c:\users\ssafy\desktop\sdl\c++\swea\x64\debug\1215. 회문1.obj
c:\users\ssafy\desktop\sdl\c++\swea\x64\debug\1221. gns.obj
c:\users\ssafy\desktop\sdl\c++\swea\x64\debug\1234. 비밀번호.obj
c:\users\ssafy\desktop\sdl\c++\swea\x64\debug\1859. 백만 장자 프로젝트.obj
c:\users\ssafy\desktop\sdl\c++\swea\x64\debug\1974. 스도쿠 검증.obj
c:\users\ssafy\desktop\sdl\c++\swea\x64\debug\1989. 초심자의 회문 검사.obj
c:\users\ssafy\desktop\sdl\c++\swea\x64\debug\3143. 가장 빠른 문자열 타이핑.obj
c:\users\ssafy\desktop\sdl\c++\swea\x64\debug\swea.ilk
c:\users\ssafy\desktop\sdl\c++\swea\x64\debug\vc143.idb
c:\users\ssafy\desktop\sdl\c++\swea\x64\debug\vc143.pdb
c:\users\ssafy\desktop\sdl\c++\x64\debug\swea.pdb
c:\users\ssafy\desktop\sdl\c++\x64\debug\swea.exe
c:\users\ssafy\desktop\sdl\c++\swea\x64\debug\swea.tlog\cl.command.1.tlog
c:\users\ssafy\desktop\sdl\c++\swea\x64\debug\swea.tlog\cl.items.tlog
c:\users\ssafy\desktop\sdl\c++\swea\x64\debug\swea.tlog\cl.read.1.tlog
c:\users\ssafy\desktop\sdl\c++\swea\x64\debug\swea.tlog\cl.write.1.tlog
c:\users\ssafy\desktop\sdl\c++\swea\x64\debug\swea.tlog\link.command.1.tlog
c:\users\ssafy\desktop\sdl\c++\swea\x64\debug\swea.tlog\link.read.1.tlog
c:\users\ssafy\desktop\sdl\c++\swea\x64\debug\swea.tlog\link.write.1.tlog
