c:\users\andongmin\desktop\sdl\cpp\hong\x64\debug\vc143.pdb
c:\users\andongmin\desktop\sdl\cpp\hong\x64\debug\vc143.idb
c:\users\andongmin\desktop\sdl\cpp\hong\x64\debug\myconstants.obj
c:\users\andongmin\desktop\sdl\cpp\hong\x64\debug\9.obj
c:\users\andongmin\desktop\sdl\cpp\hong\x64\debug\8.obj
c:\users\andongmin\desktop\sdl\cpp\hong\x64\debug\7.obj
c:\users\andongmin\desktop\sdl\cpp\hong\x64\debug\6.obj
c:\users\andongmin\desktop\sdl\cpp\hong\x64\debug\5.obj
c:\users\andongmin\desktop\sdl\cpp\hong\x64\debug\4.obj
c:\users\andongmin\desktop\sdl\cpp\hong\x64\debug\3.obj
c:\users\andongmin\desktop\sdl\cpp\hong\x64\debug\2.obj
c:\users\andongmin\desktop\sdl\cpp\hong\x64\debug\1.obj
c:\users\andongmin\desktop\sdl\cpp\hong\x64\debug\10.obj
c:\users\andongmin\desktop\sdl\cpp\x64\debug\hong.exe
c:\users\andongmin\desktop\sdl\cpp\hong\x64\debug\hong.ilk
c:\users\andongmin\desktop\sdl\cpp\x64\debug\hong.pdb
c:\users\ssafy\desktop\sdl\cpp\hong\x64\debug\1.obj
c:\users\ssafy\desktop\sdl\cpp\hong\x64\debug\10.obj
c:\users\ssafy\desktop\sdl\cpp\hong\x64\debug\2.obj
c:\users\ssafy\desktop\sdl\cpp\hong\x64\debug\3.obj
c:\users\ssafy\desktop\sdl\cpp\hong\x64\debug\4.obj
c:\users\ssafy\desktop\sdl\cpp\hong\x64\debug\5.obj
c:\users\ssafy\desktop\sdl\cpp\hong\x64\debug\6.obj
c:\users\ssafy\desktop\sdl\cpp\hong\x64\debug\7.obj
c:\users\ssafy\desktop\sdl\cpp\hong\x64\debug\8.obj
c:\users\ssafy\desktop\sdl\cpp\hong\x64\debug\9.obj
c:\users\ssafy\desktop\sdl\cpp\hong\x64\debug\myconstants.obj
c:\users\ssafy\desktop\sdl\cpp\hong\x64\debug\hong.ilk
c:\users\ssafy\desktop\sdl\cpp\hong\x64\debug\vc143.idb
c:\users\ssafy\desktop\sdl\cpp\hong\x64\debug\vc143.pdb
c:\users\ssafy\desktop\sdl\cpp\x64\debug\hong.pdb
c:\users\ssafy\desktop\sdl\cpp\x64\debug\hong.exe
c:\users\ssafy\desktop\sdl\cpp\hong\x64\debug\hong.tlog\cl.command.1.tlog
c:\users\ssafy\desktop\sdl\cpp\hong\x64\debug\hong.tlog\cl.items.tlog
c:\users\ssafy\desktop\sdl\cpp\hong\x64\debug\hong.tlog\cl.read.1.tlog
c:\users\ssafy\desktop\sdl\cpp\hong\x64\debug\hong.tlog\cl.write.1.tlog
c:\users\ssafy\desktop\sdl\cpp\hong\x64\debug\hong.tlog\link.command.1.tlog
c:\users\ssafy\desktop\sdl\cpp\hong\x64\debug\hong.tlog\link.read.1.tlog
c:\users\ssafy\desktop\sdl\cpp\hong\x64\debug\hong.tlog\link.write.1.tlog
