c:\users\andongmin\desktop\sdl\swea\x64\debug\vc143.pdb
c:\users\andongmin\desktop\sdl\swea\x64\debug\vc143.idb
c:\users\andongmin\desktop\sdl\swea\x64\debug\3143. 가장 빠른 문자열 타이핑.obj
c:\users\andongmin\desktop\sdl\swea\x64\debug\1989. 초심자의 회문 검사.obj
c:\users\andongmin\desktop\sdl\swea\x64\debug\1974. 스도쿠 검증.obj
c:\users\andongmin\desktop\sdl\swea\x64\debug\1859. 백만 장자 프로젝트.obj
c:\users\andongmin\desktop\sdl\swea\x64\debug\16183. 전기버스.obj
c:\users\andongmin\desktop\sdl\swea\x64\debug\16182. 숫자 카드.obj
c:\users\andongmin\desktop\sdl\swea\x64\debug\16066. gravity.obj
c:\users\andongmin\desktop\sdl\swea\x64\debug\16058. 구간합.obj
c:\users\andongmin\desktop\sdl\swea\x64\debug\16055. min max.obj
c:\users\andongmin\desktop\sdl\swea\x64\debug\1221. gns.obj
c:\users\andongmin\desktop\sdl\swea\x64\debug\1215. 회문1.obj
c:\users\andongmin\desktop\sdl\swea\x64\debug\1213. string.obj
c:\users\andongmin\desktop\sdl\swea\x64\debug\1208. flatten.obj
c:\users\andongmin\desktop\sdl\swea\x64\debug\1206. view.obj
c:\users\andongmin\desktop\sdl\x64\debug\swea.pdb
c:\users\andongmin\desktop\sdl\swea\x64\debug\swea.tlog\cl.command.1.tlog
c:\users\andongmin\desktop\sdl\swea\x64\debug\swea.tlog\cl.read.1.tlog
c:\users\andongmin\desktop\sdl\swea\x64\debug\swea.tlog\cl.write.1.tlog
c:\users\andongmin\desktop\sdl\swea\x64\debug\swea.tlog\link-cvtres.read.1.tlog
c:\users\andongmin\desktop\sdl\swea\x64\debug\swea.tlog\link-cvtres.write.1.tlog
c:\users\andongmin\desktop\sdl\swea\x64\debug\swea.tlog\link-rc.read.1.tlog
c:\users\andongmin\desktop\sdl\swea\x64\debug\swea.tlog\link-rc.write.1.tlog
c:\users\andongmin\desktop\sdl\swea\x64\debug\swea.tlog\link.command.1.tlog
c:\users\andongmin\desktop\sdl\swea\x64\debug\swea.tlog\link.read.1.tlog
c:\users\andongmin\desktop\sdl\swea\x64\debug\swea.tlog\link.read.2.tlog
c:\users\andongmin\desktop\sdl\swea\x64\debug\swea.tlog\link.read.3.tlog
c:\users\andongmin\desktop\sdl\swea\x64\debug\swea.tlog\link.read.4.tlog
c:\users\andongmin\desktop\sdl\swea\x64\debug\swea.tlog\link.read.5.tlog
c:\users\andongmin\desktop\sdl\swea\x64\debug\swea.tlog\link.write.1.tlog
