c:\users\andongmin\desktop\sdl\solved\x64\debug\vc143.pdb
c:\users\andongmin\desktop\sdl\solved\x64\debug\vc143.idb
c:\users\andongmin\desktop\sdl\solved\x64\debug\2025. n줄덧셈.obj
c:\users\andongmin\desktop\sdl\solved\x64\debug\2019. 더블더블.obj
c:\users\andongmin\desktop\sdl\solved\x64\debug\1989. 초심자의 회문 검사.obj
c:\users\andongmin\desktop\sdl\solved\x64\debug\1974. 스도쿠 검증.obj
c:\users\andongmin\desktop\sdl\solved\x64\debug\1938. 아주 간단한 계산기.obj
c:\users\andongmin\desktop\sdl\solved\x64\debug\1936. 1대1 가위바위보.obj
c:\users\andongmin\desktop\sdl\solved\x64\debug\1933. 간단한 n 의 약수.obj
c:\users\andongmin\desktop\sdl\solved\x64\debug\1859. 백만 장자 프로젝트.obj
c:\users\andongmin\desktop\sdl\solved\x64\debug\16183. 전기버스.obj
c:\users\andongmin\desktop\sdl\solved\x64\debug\16066. gravity.obj
c:\users\andongmin\desktop\sdl\solved\x64\debug\16058. 구간합.obj
c:\users\andongmin\desktop\sdl\solved\x64\debug\16055. min max.obj
c:\users\andongmin\desktop\sdl\solved\x64\debug\1545. 거꾸로 출력해 보아요.obj
c:\users\andongmin\desktop\sdl\solved\x64\debug\1285. 아름이의 돌 던지기.obj
c:\users\andongmin\desktop\sdl\solved\x64\debug\1221. gns.obj
c:\users\andongmin\desktop\sdl\solved\x64\debug\1215. 회문1.obj
c:\users\andongmin\desktop\sdl\solved\x64\debug\1208. flatten.obj
c:\users\andongmin\desktop\sdl\solved\x64\debug\1206. view.obj
c:\users\andongmin\desktop\sdl\solved\x64\debug\11654. 아스키 코드.obj
c:\users\andongmin\desktop\sdl\solved\x64\debug\1152. 단어의 개수.obj
c:\users\andongmin\desktop\sdl\solved\x64\debug\11005. 진법 변환 2.obj
c:\users\andongmin\desktop\sdl\solved\x64\debug\10813. 공 바꾸기.obj
c:\users\andongmin\desktop\sdl\solved\x64\debug\10811. 바구니 뒤집기.obj
c:\users\andongmin\desktop\sdl\solved\x64\debug\10809. 알파벳 찾기.obj
c:\users\andongmin\desktop\sdl\solved\x64\debug\9490. 풍선팡.obj
c:\users\andongmin\desktop\sdl\solved\x64\debug\3143. 가장 빠른 문자열 타이핑.obj
c:\users\andongmin\desktop\sdl\solved\x64\debug\2072. 홀수만 더하기.obj
c:\users\andongmin\desktop\sdl\solved\x64\debug\2071. 평균값 구하기.obj
c:\users\andongmin\desktop\sdl\solved\x64\debug\2070. 큰 놈, 작은 놈, 같은 놈.obj
c:\users\andongmin\desktop\sdl\solved\x64\debug\2068. 최대수 구하기.obj
c:\users\andongmin\desktop\sdl\solved\x64\debug\2063. 중간값 찾기.obj
c:\users\andongmin\desktop\sdl\solved\x64\debug\2056. 연월일 달력.obj
c:\users\andongmin\desktop\sdl\solved\x64\debug\2047. 신문 헤드라인.obj
c:\users\andongmin\desktop\sdl\solved\x64\debug\2046. 스탬프 찍기.obj
c:\users\andongmin\desktop\sdl\solved\x64\debug\2043. 서랍의 비밀번호.obj
c:\users\andongmin\desktop\sdl\solved\x64\debug\2029. 몫과 나머지 출력하기.obj
c:\users\andongmin\desktop\sdl\solved\x64\debug\2027. 대각선 출력하기.obj
c:\users\andongmin\desktop\sdl\solved\x64\debug\9086. 문자열.obj
c:\users\andongmin\desktop\sdl\solved\x64\debug\5086. 배수와 약수.obj
c:\users\andongmin\desktop\sdl\solved\x64\debug\3733. shares.obj
c:\users\andongmin\desktop\sdl\solved\x64\debug\3052. 나머지.obj
c:\users\andongmin\desktop\sdl\solved\x64\debug\2908. 상수.obj
c:\users\andongmin\desktop\sdl\solved\x64\debug\2903. 중앙 이동 알고리즘.obj
c:\users\andongmin\desktop\sdl\solved\x64\debug\2738. 행렬 덧셈.obj
c:\users\andongmin\desktop\sdl\solved\x64\debug\2720. 세탁소 사장 동혁.obj
c:\users\andongmin\desktop\sdl\solved\x64\debug\2675. 문자열 반복.obj
c:\users\andongmin\desktop\sdl\solved\x64\debug\2566. 최댓값.obj
c:\users\andongmin\desktop\sdl\solved\x64\debug\2501. 약수 구하기.obj
c:\users\andongmin\desktop\sdl\solved\x64\debug\2444. 별 찍기 - 7.obj
c:\users\andongmin\desktop\sdl\solved\x64\debug\2292. 벌집.obj
c:\users\andongmin\desktop\sdl\solved\x64\debug\15894. 수학은 체육과목 입니다.obj
c:\users\andongmin\desktop\sdl\solved\x64\debug\1546. 평균.obj
c:\users\andongmin\desktop\sdl\solved\x64\debug\11720. 숫자의 합.obj
c:\users\andongmin\desktop\sdl\solved\x64\debug\11718. 그대로 출력하기.obj
c:\users\andongmin\desktop\sdl\solved\x64\debug\solved.tlog\cl.command.1.tlog
c:\users\andongmin\desktop\sdl\solved\x64\debug\solved.tlog\cl.read.1.tlog
c:\users\andongmin\desktop\sdl\solved\x64\debug\solved.tlog\cl.write.1.tlog
