c:\users\andongmin\desktop\asd\sdl\싸피\x64\debug\vc143.pdb
c:\users\andongmin\desktop\asd\sdl\싸피\x64\debug\vc143.idb
c:\users\andongmin\desktop\asd\sdl\싸피\x64\debug\230725 recursion.obj
c:\users\andongmin\desktop\asd\sdl\싸피\x64\debug\230726 재귀 중 연산.obj
c:\users\andongmin\desktop\asd\sdl\x64\debug\싸피.exe
c:\users\andongmin\desktop\asd\sdl\싸피\x64\debug\싸피.ilk
c:\users\andongmin\desktop\asd\sdl\x64\debug\싸피.pdb
c:\users\andongmin\desktop\sdl\싸피\x64\debug\230725 recursion.obj
c:\users\andongmin\desktop\sdl\싸피\x64\debug\230726 재귀 중 연산.obj
c:\users\andongmin\desktop\sdl\싸피\x64\debug\싸피.ilk
c:\users\andongmin\desktop\sdl\싸피\x64\debug\vc143.idb
c:\users\andongmin\desktop\sdl\싸피\x64\debug\vc143.pdb
c:\users\andongmin\desktop\sdl\x64\debug\싸피.pdb
c:\users\andongmin\desktop\sdl\x64\debug\싸피.exe
c:\users\andongmin\desktop\sdl\싸피\x64\debug\싸피.tlog\cl.command.1.tlog
c:\users\andongmin\desktop\sdl\싸피\x64\debug\싸피.tlog\cl.items.tlog
c:\users\andongmin\desktop\sdl\싸피\x64\debug\싸피.tlog\cl.read.1.tlog
c:\users\andongmin\desktop\sdl\싸피\x64\debug\싸피.tlog\cl.write.1.tlog
c:\users\andongmin\desktop\sdl\싸피\x64\debug\싸피.tlog\link.command.1.tlog
c:\users\andongmin\desktop\sdl\싸피\x64\debug\싸피.tlog\link.read.1.tlog
c:\users\andongmin\desktop\sdl\싸피\x64\debug\싸피.tlog\link.write.1.tlog
