c:\users\andongmin\desktop\sdl\백준\x64\debug\vc143.pdb
c:\users\andongmin\desktop\sdl\백준\x64\debug\vc143.idb
c:\users\andongmin\desktop\sdl\백준\x64\debug\2501. 약수 구하기.obj
c:\users\ssafy\desktop\sdl\백준\x64\debug\vc143.pdb
c:\users\ssafy\desktop\sdl\백준\x64\debug\vc143.idb
c:\users\ssafy\desktop\sdl\백준\x64\debug\2292. 벌집.obj
c:\users\ssafy\desktop\sdl\백준\x64\debug\5086. 배수와 약수.obj
c:\users\ssafy\desktop\sdl\백준\x64\debug\백준.ilk
c:\users\ssafy\desktop\sdl\x64\debug\백준.exe
c:\users\ssafy\desktop\sdl\x64\debug\백준.pdb
c:\users\andongmin\desktop\sdl\백준\x64\debug\10813. 공 바꾸기.obj
c:\users\andongmin\desktop\sdl\백준\x64\debug\11005. 진법 변환 2.obj
c:\users\andongmin\desktop\sdl\백준\x64\debug\1193. 분수찾기.obj
c:\users\andongmin\desktop\sdl\백준\x64\debug\1546. 평균.obj
c:\users\andongmin\desktop\sdl\백준\x64\debug\15894. 수학은 체육과목 입니다.obj
c:\users\andongmin\desktop\sdl\백준\x64\debug\2292. 벌집.obj
c:\users\andongmin\desktop\sdl\백준\x64\debug\3733. shares.obj
c:\users\andongmin\desktop\sdl\백준\x64\debug\5086. 배수와 약수.obj
c:\users\andongmin\desktop\sdl\백준\x64\debug\백준.ilk
c:\users\andongmin\desktop\sdl\x64\debug\백준.pdb
c:\users\andongmin\desktop\sdl\x64\debug\백준.exe
c:\users\andongmin\desktop\sdl\백준\x64\debug\백준.tlog\cl.command.1.tlog
c:\users\andongmin\desktop\sdl\백준\x64\debug\백준.tlog\cl.items.tlog
c:\users\andongmin\desktop\sdl\백준\x64\debug\백준.tlog\cl.read.1.tlog
c:\users\andongmin\desktop\sdl\백준\x64\debug\백준.tlog\cl.write.1.tlog
c:\users\andongmin\desktop\sdl\백준\x64\debug\백준.tlog\link.command.1.tlog
c:\users\andongmin\desktop\sdl\백준\x64\debug\백준.tlog\link.read.1.tlog
c:\users\andongmin\desktop\sdl\백준\x64\debug\백준.tlog\link.write.1.tlog
